<?xml version="1.0" encoding="UTF-8"?>
<coverage generated="1770377792959" clover="3.2.0">
  <project timestamp="1770377792960" name="All files">
    <metrics statements="15" coveredstatements="15" conditionals="14" coveredconditionals="14" methods="1" coveredmethods="1" elements="30" coveredelements="30" complexity="0" loc="15" ncloc="15" packages="1" files="1" classes="1"/>
    <file name="module.js" path="/Users/Julia/workspace/tests-ynov/module.js">
      <metrics statements="15" coveredstatements="15" conditionals="14" coveredconditionals="14" methods="1" coveredmethods="1"/>
      <line num="11" count="12" type="cond" truecount="2" falsecount="0"/>
      <line num="12" count="2" type="stmt"/>
      <line num="16" count="10" type="cond" truecount="4" falsecount="0"/>
      <line num="17" count="2" type="stmt"/>
      <line num="21" count="8" type="cond" truecount="2" falsecount="0"/>
      <line num="22" count="2" type="stmt"/>
      <line num="26" count="6" type="cond" truecount="2" falsecount="0"/>
      <line num="27" count="2" type="stmt"/>
      <line num="31" count="4" type="cond" truecount="2" falsecount="0"/>
      <line num="32" count="1" type="stmt"/>
      <line num="36" count="3" type="cond" truecount="2" falsecount="0"/>
      <line num="37" count="1" type="stmt"/>
      <line num="40" count="2" type="stmt"/>
      <line num="41" count="2" type="stmt"/>
      <line num="42" count="2" type="stmt"/>
    </file>
  </project>
</coverage>
