{"/Users/Julia/workspace/tests-ynov/module.js": {"path":"/Users/Julia/workspace/tests-ynov/module.js","statementMap":{"0":{"start":{"line":11,"column":2},"end":{"line":13,"column":3}},"1":{"start":{"line":12,"column":4},"end":{"line":12,"column":39}},"2":{"start":{"line":16,"column":2},"end":{"line":18,"column":3}},"3":{"start":{"line":17,"column":4},"end":{"line":17,"column":49}},"4":{"start":{"line":21,"column":2},"end":{"line":23,"column":3}},"5":{"start":{"line":22,"column":4},"end":{"line":22,"column":54}},"6":{"start":{"line":26,"column":2},"end":{"line":28,"column":3}},"7":{"start":{"line":27,"column":4},"end":{"line":27,"column":55}},"8":{"start":{"line":31,"column":2},"end":{"line":33,"column":3}},"9":{"start":{"line":32,"column":4},"end":{"line":32,"column":53}},"10":{"start":{"line":36,"column":2},"end":{"line":38,"column":3}},"11":{"start":{"line":37,"column":4},"end":{"line":37,"column":57}},"12":{"start":{"line":40,"column":17},"end":{"line":40,"column":61}},"13":{"start":{"line":41,"column":12},"end":{"line":41,"column":54}},"14":{"start":{"line":42,"column":2},"end":{"line":42,"column":13}}},"fnMap":{"0":{"name":"calculateAge","decl":{"start":{"line":9,"column":9},"end":{"line":9,"column":21}},"loc":{"start":{"line":9,"column":25},"end":{"line":43,"column":1}},"line":9}},"branchMap":{"0":{"loc":{"start":{"line":11,"column":2},"end":{"line":13,"column":3}},"type":"if","locations":[{"start":{"line":11,"column":2},"end":{"line":13,"column":3}},{"start":{},"end":{}}],"line":11},"1":{"loc":{"start":{"line":16,"column":2},"end":{"line":18,"column":3}},"type":"if","locations":[{"start":{"line":16,"column":2},"end":{"line":18,"column":3}},{"start":{},"end":{}}],"line":16},"2":{"loc":{"start":{"line":16,"column":6},"end":{"line":16,"column":47}},"type":"binary-expr","locations":[{"start":{"line":16,"column":6},"end":{"line":16,"column":27}},{"start":{"line":16,"column":31},"end":{"line":16,"column":47}}],"line":16},"3":{"loc":{"start":{"line":21,"column":2},"end":{"line":23,"column":3}},"type":"if","locations":[{"start":{"line":21,"column":2},"end":{"line":23,"column":3}},{"start":{},"end":{}}],"line":21},"4":{"loc":{"start":{"line":26,"column":2},"end":{"line":28,"column":3}},"type":"if","locations":[{"start":{"line":26,"column":2},"end":{"line":28,"column":3}},{"start":{},"end":{}}],"line":26},"5":{"loc":{"start":{"line":31,"column":2},"end":{"line":33,"column":3}},"type":"if","locations":[{"start":{"line":31,"column":2},"end":{"line":33,"column":3}},{"start":{},"end":{}}],"line":31},"6":{"loc":{"start":{"line":36,"column":2},"end":{"line":38,"column":3}},"type":"if","locations":[{"start":{"line":36,"column":2},"end":{"line":38,"column":3}},{"start":{},"end":{}}],"line":36}},"s":{"0":20,"1":3,"2":17,"3":2,"4":15,"5":2,"6":13,"7":2,"8":11,"9":1,"10":10,"11":1,"12":9,"13":9,"14":9},"f":{"0":20},"b":{"0":[3,17],"1":[2,15],"2":[17,15],"3":[2,13],"4":[2,11],"5":[1,10],"6":[1,9]},"_coverageSchema":"1a1c01bbd47fc00a2c39e90264f33305004495a9","hash":"606b14e58c980be97ad2b50cdd21cbc8c30efa0b"}
,"/Users/Julia/workspace/tests-ynov/validator.js": {"path":"/Users/Julia/workspace/tests-ynov/validator.js","statementMap":{"0":{"start":{"line":10,"column":2},"end":{"line":18,"column":3}},"1":{"start":{"line":11,"column":4},"end":{"line":17,"column":6}},"2":{"start":{"line":20,"column":2},"end":{"line":28,"column":3}},"3":{"start":{"line":21,"column":4},"end":{"line":27,"column":6}},"4":{"start":{"line":30,"column":18},"end":{"line":30,"column":30}},"5":{"start":{"line":31,"column":2},"end":{"line":39,"column":3}},"6":{"start":{"line":32,"column":4},"end":{"line":38,"column":6}},"7":{"start":{"line":41,"column":2},"end":{"line":41,"column":14}},"8":{"start":{"line":51,"column":2},"end":{"line":80,"column":3}},"9":{"start":{"line":52,"column":16},"end":{"line":52,"column":36}},"10":{"start":{"line":55,"column":4},"end":{"line":64,"column":5}},"11":{"start":{"line":56,"column":6},"end":{"line":63,"column":8}},"12":{"start":{"line":67,"column":4},"end":{"line":70,"column":6}},"13":{"start":{"line":73,"column":4},"end":{"line":79,"column":6}},"14":{"start":{"line":90,"column":26},"end":{"line":90,"column":72}},"15":{"start":{"line":91,"column":2},"end":{"line":93,"column":3}},"16":{"start":{"line":92,"column":4},"end":{"line":92,"column":27}},"17":{"start":{"line":95,"column":18},"end":{"line":95,"column":35}},"18":{"start":{"line":98,"column":2},"end":{"line":117,"column":3}},"19":{"start":{"line":100,"column":4},"end":{"line":108,"column":5}},"20":{"start":{"line":101,"column":6},"end":{"line":107,"column":8}},"21":{"start":{"line":110,"column":4},"end":{"line":116,"column":6}},"22":{"start":{"line":119,"column":2},"end":{"line":122,"column":4}},"23":{"start":{"line":132,"column":26},"end":{"line":132,"column":59}},"24":{"start":{"line":133,"column":2},"end":{"line":135,"column":3}},"25":{"start":{"line":134,"column":4},"end":{"line":134,"column":27}},"26":{"start":{"line":137,"column":18},"end":{"line":137,"column":29}},"27":{"start":{"line":140,"column":2},"end":{"line":148,"column":3}},"28":{"start":{"line":141,"column":4},"end":{"line":147,"column":6}},"29":{"start":{"line":151,"column":2},"end":{"line":159,"column":3}},"30":{"start":{"line":152,"column":4},"end":{"line":158,"column":6}},"31":{"start":{"line":162,"column":2},"end":{"line":170,"column":3}},"32":{"start":{"line":163,"column":4},"end":{"line":169,"column":6}},"33":{"start":{"line":172,"column":2},"end":{"line":175,"column":4}},"34":{"start":{"line":185,"column":26},"end":{"line":185,"column":61}},"35":{"start":{"line":186,"column":2},"end":{"line":188,"column":3}},"36":{"start":{"line":187,"column":4},"end":{"line":187,"column":27}},"37":{"start":{"line":190,"column":18},"end":{"line":190,"column":30}},"38":{"start":{"line":193,"column":2},"end":{"line":201,"column":3}},"39":{"start":{"line":194,"column":4},"end":{"line":200,"column":6}},"40":{"start":{"line":204,"column":21},"end":{"line":204,"column":148}},"41":{"start":{"line":206,"column":2},"end":{"line":214,"column":3}},"42":{"start":{"line":207,"column":4},"end":{"line":213,"column":6}},"43":{"start":{"line":217,"column":2},"end":{"line":225,"column":3}},"44":{"start":{"line":218,"column":4},"end":{"line":224,"column":6}},"45":{"start":{"line":227,"column":2},"end":{"line":230,"column":4}}},"fnMap":{"0":{"name":"validateStringInput","decl":{"start":{"line":9,"column":9},"end":{"line":9,"column":28}},"loc":{"start":{"line":9,"column":47},"end":{"line":42,"column":1}},"line":9},"1":{"name":"validateAge","decl":{"start":{"line":50,"column":9},"end":{"line":50,"column":20}},"loc":{"start":{"line":50,"column":29},"end":{"line":81,"column":1}},"line":50},"2":{"name":"validatePostalCode","decl":{"start":{"line":89,"column":9},"end":{"line":89,"column":27}},"loc":{"start":{"line":89,"column":40},"end":{"line":123,"column":1}},"line":89},"3":{"name":"validateName","decl":{"start":{"line":131,"column":9},"end":{"line":131,"column":21}},"loc":{"start":{"line":131,"column":28},"end":{"line":176,"column":1}},"line":131},"4":{"name":"validateEmail","decl":{"start":{"line":184,"column":9},"end":{"line":184,"column":22}},"loc":{"start":{"line":184,"column":30},"end":{"line":231,"column":1}},"line":184}},"branchMap":{"0":{"loc":{"start":{"line":10,"column":2},"end":{"line":18,"column":3}},"type":"if","locations":[{"start":{"line":10,"column":2},"end":{"line":18,"column":3}},{"start":{},"end":{}}],"line":10},"1":{"loc":{"start":{"line":10,"column":6},"end":{"line":10,"column":43}},"type":"binary-expr","locations":[{"start":{"line":10,"column":6},"end":{"line":10,"column":25}},{"start":{"line":10,"column":29},"end":{"line":10,"column":43}}],"line":10},"2":{"loc":{"start":{"line":20,"column":2},"end":{"line":28,"column":3}},"type":"if","locations":[{"start":{"line":20,"column":2},"end":{"line":28,"column":3}},{"start":{},"end":{}}],"line":20},"3":{"loc":{"start":{"line":31,"column":2},"end":{"line":39,"column":3}},"type":"if","locations":[{"start":{"line":31,"column":2},"end":{"line":39,"column":3}},{"start":{},"end":{}}],"line":31},"4":{"loc":{"start":{"line":55,"column":4},"end":{"line":64,"column":5}},"type":"if","locations":[{"start":{"line":55,"column":4},"end":{"line":64,"column":5}},{"start":{},"end":{}}],"line":55},"5":{"loc":{"start":{"line":91,"column":2},"end":{"line":93,"column":3}},"type":"if","locations":[{"start":{"line":91,"column":2},"end":{"line":93,"column":3}},{"start":{},"end":{}}],"line":91},"6":{"loc":{"start":{"line":98,"column":2},"end":{"line":117,"column":3}},"type":"if","locations":[{"start":{"line":98,"column":2},"end":{"line":117,"column":3}},{"start":{},"end":{}}],"line":98},"7":{"loc":{"start":{"line":100,"column":4},"end":{"line":108,"column":5}},"type":"if","locations":[{"start":{"line":100,"column":4},"end":{"line":108,"column":5}},{"start":{},"end":{}}],"line":100},"8":{"loc":{"start":{"line":133,"column":2},"end":{"line":135,"column":3}},"type":"if","locations":[{"start":{"line":133,"column":2},"end":{"line":135,"column":3}},{"start":{},"end":{}}],"line":133},"9":{"loc":{"start":{"line":140,"column":2},"end":{"line":148,"column":3}},"type":"if","locations":[{"start":{"line":140,"column":2},"end":{"line":148,"column":3}},{"start":{},"end":{}}],"line":140},"10":{"loc":{"start":{"line":140,"column":6},"end":{"line":140,"column":61}},"type":"binary-expr","locations":[{"start":{"line":140,"column":6},"end":{"line":140,"column":29}},{"start":{"line":140,"column":33},"end":{"line":140,"column":61}}],"line":140},"11":{"loc":{"start":{"line":151,"column":2},"end":{"line":159,"column":3}},"type":"if","locations":[{"start":{"line":151,"column":2},"end":{"line":159,"column":3}},{"start":{},"end":{}}],"line":151},"12":{"loc":{"start":{"line":162,"column":2},"end":{"line":170,"column":3}},"type":"if","locations":[{"start":{"line":162,"column":2},"end":{"line":170,"column":3}},{"start":{},"end":{}}],"line":162},"13":{"loc":{"start":{"line":186,"column":2},"end":{"line":188,"column":3}},"type":"if","locations":[{"start":{"line":186,"column":2},"end":{"line":188,"column":3}},{"start":{},"end":{}}],"line":186},"14":{"loc":{"start":{"line":193,"column":2},"end":{"line":201,"column":3}},"type":"if","locations":[{"start":{"line":193,"column":2},"end":{"line":201,"column":3}},{"start":{},"end":{}}],"line":193},"15":{"loc":{"start":{"line":206,"column":2},"end":{"line":214,"column":3}},"type":"if","locations":[{"start":{"line":206,"column":2},"end":{"line":214,"column":3}},{"start":{},"end":{}}],"line":206},"16":{"loc":{"start":{"line":217,"column":2},"end":{"line":225,"column":3}},"type":"if","locations":[{"start":{"line":217,"column":2},"end":{"line":225,"column":3}},{"start":{},"end":{}}],"line":217}},"s":{"0":91,"1":6,"2":85,"3":5,"4":80,"5":80,"6":6,"7":74,"8":8,"9":8,"10":7,"11":4,"12":3,"13":1,"14":27,"15":27,"16":6,"17":21,"18":21,"19":17,"20":7,"21":10,"22":4,"23":29,"24":29,"25":6,"26":23,"27":23,"28":6,"29":17,"30":4,"31":13,"32":6,"33":7,"34":35,"35":35,"36":5,"37":30,"38":30,"39":1,"40":29,"41":29,"42":19,"43":10,"44":1,"45":9},"f":{"0":91,"1":8,"2":27,"3":29,"4":35},"b":{"0":[6,85],"1":[91,88],"2":[5,80],"3":[6,74],"4":[4,3],"5":[6,21],"6":[17,4],"7":[7,10],"8":[6,23],"9":[6,17],"10":[23,18],"11":[4,13],"12":[6,7],"13":[5,30],"14":[1,29],"15":[19,10],"16":[1,9]},"_coverageSchema":"1a1c01bbd47fc00a2c39e90264f33305004495a9","hash":"f1d0d813b78f2eaaf4ac87703aeda158d6f77d04"}
}
