TN:
SF:module.js
FN:9,calculateAge
FNF:1
FNH:1
FNDA:20,calculateAge
DA:11,20
DA:12,3
DA:16,17
DA:17,2
DA:21,15
DA:22,2
DA:26,13
DA:27,2
DA:31,11
DA:32,1
DA:36,10
DA:37,1
DA:40,9
DA:41,9
DA:42,9
LF:15
LH:15
BRDA:11,0,0,3
BRDA:11,0,1,17
BRDA:16,1,0,2
BRDA:16,1,1,15
BRDA:16,2,0,17
BRDA:16,2,1,15
BRDA:21,3,0,2
BRDA:21,3,1,13
BRDA:26,4,0,2
BRDA:26,4,1,11
BRDA:31,5,0,1
BRDA:31,5,1,10
BRDA:36,6,0,1
BRDA:36,6,1,9
BRF:14
BRH:14
end_of_record
TN:
SF:validator.js
FN:9,validateStringInput
FN:50,validateAge
FN:89,validatePostalCode
FN:131,validateName
FN:184,validateEmail
FNF:5
FNH:5
FNDA:91,validateStringInput
FNDA:8,validateAge
FNDA:27,validatePostalCode
FNDA:29,validateName
FNDA:35,validateEmail
DA:10,91
DA:11,6
DA:20,85
DA:21,5
DA:30,80
DA:31,80
DA:32,6
DA:41,74
DA:51,8
DA:52,8
DA:55,7
DA:56,4
DA:67,3
DA:73,1
DA:90,27
DA:91,27
DA:92,6
DA:95,21
DA:98,21
DA:100,17
DA:101,7
DA:110,10
DA:119,4
DA:132,29
DA:133,29
DA:134,6
DA:137,23
DA:140,23
DA:141,6
DA:151,17
DA:152,4
DA:162,13
DA:163,6
DA:172,7
DA:185,35
DA:186,35
DA:187,5
DA:190,30
DA:193,30
DA:194,1
DA:204,29
DA:206,29
DA:207,19
DA:217,10
DA:218,1
DA:227,9
LF:46
LH:46
BRDA:10,0,0,6
BRDA:10,0,1,85
BRDA:10,1,0,91
BRDA:10,1,1,88
BRDA:20,2,0,5
BRDA:20,2,1,80
BRDA:31,3,0,6
BRDA:31,3,1,74
BRDA:55,4,0,4
BRDA:55,4,1,3
BRDA:91,5,0,6
BRDA:91,5,1,21
BRDA:98,6,0,17
BRDA:98,6,1,4
BRDA:100,7,0,7
BRDA:100,7,1,10
BRDA:133,8,0,6
BRDA:133,8,1,23
BRDA:140,9,0,6
BRDA:140,9,1,17
BRDA:140,10,0,23
BRDA:140,10,1,18
BRDA:151,11,0,4
BRDA:151,11,1,13
BRDA:162,12,0,6
BRDA:162,12,1,7
BRDA:186,13,0,5
BRDA:186,13,1,30
BRDA:193,14,0,1
BRDA:193,14,1,29
BRDA:206,15,0,19
BRDA:206,15,1,10
BRDA:217,16,0,1
BRDA:217,16,1,9
BRF:34
BRH:34
end_of_record
