TN:
SF:module.js
FN:9,calculateAge
FNF:1
FNH:1
FNDA:23,calculateAge
DA:11,23
DA:12,3
DA:16,20
DA:17,3
DA:21,17
DA:22,3
DA:26,14
DA:27,2
DA:31,12
DA:32,2
DA:36,10
DA:37,2
DA:40,8
DA:41,8
DA:42,8
LF:15
LH:15
BRDA:11,0,0,3
BRDA:11,0,1,20
BRDA:16,1,0,3
BRDA:16,1,1,17
BRDA:16,2,0,20
BRDA:16,2,1,17
BRDA:21,3,0,3
BRDA:21,3,1,14
BRDA:26,4,0,2
BRDA:26,4,1,12
BRDA:31,5,0,2
BRDA:31,5,1,10
BRDA:36,6,0,2
BRDA:36,6,1,8
BRF:14
BRH:14
end_of_record
TN:
SF:validator.js
FN:9,validateAge
FNF:1
FNH:1
FNDA:11,validateAge
DA:10,11
DA:12,11
DA:15,6
DA:16,2
DA:27,4
DA:34,5
LF:6
LH:6
BRDA:15,0,0,2
BRDA:15,0,1,4
BRF:2
BRH:2
end_of_record
